2023-04-28 17:23:03,875 - INFO - human white started
2023-04-28 17:23:09,340 - INFO - ---start board---
2023-04-28 17:23:09,340 - INFO - R   B K Q B N R 
2023-04-28 17:23:09,340 - INFO - P P P P P P P P 
2023-04-28 17:23:09,340 - INFO -     N           
2023-04-28 17:23:09,340 - INFO -                 
2023-04-28 17:23:09,340 - INFO -                 
2023-04-28 17:23:09,340 - INFO -                 
2023-04-28 17:23:09,340 - INFO - p p p p p p p p 
2023-04-28 17:23:09,340 - INFO - r n b k q b n r 
2023-04-28 17:23:09,340 - INFO - ---end board---
2023-04-28 17:23:09,847 - INFO - ---start board---
2023-04-28 17:23:09,847 - INFO - R   B K Q B N R 
2023-04-28 17:23:09,848 - INFO - P P P P P P P P 
2023-04-28 17:23:09,848 - INFO -     N           
2023-04-28 17:23:09,848 - INFO -                 
2023-04-28 17:23:09,848 - INFO -                 
2023-04-28 17:23:09,848 - INFO - p               
2023-04-28 17:23:09,848 - INFO -   p p p p p p p 
2023-04-28 17:23:09,848 - INFO - r n b k q b n r 
2023-04-28 17:23:09,848 - INFO - ---end board---
2023-04-28 17:23:36,615 - INFO - ---start board---
2023-04-28 17:23:36,615 - INFO - R   B K Q B N R 
2023-04-28 17:23:36,615 - INFO - P P P P P P P P 
2023-04-28 17:23:36,616 - INFO -                 
2023-04-28 17:23:36,616 - INFO -         N       
2023-04-28 17:23:36,616 - INFO -                 
2023-04-28 17:23:36,616 - INFO - p               
2023-04-28 17:23:36,616 - INFO -   p p p p p p p 
2023-04-28 17:23:36,617 - INFO - r n b k q b n r 
2023-04-28 17:23:36,617 - INFO - ---end board---
2023-04-28 17:23:37,393 - INFO - ---start board---
2023-04-28 17:23:37,394 - INFO - R   B K Q B N R 
2023-04-28 17:23:37,394 - INFO - P P P P P P P P 
2023-04-28 17:23:37,394 - INFO -                 
2023-04-28 17:23:37,394 - INFO -         N       
2023-04-28 17:23:37,394 - INFO - p               
2023-04-28 17:23:37,394 - INFO -                 
2023-04-28 17:23:37,394 - INFO -   p p p p p p p 
2023-04-28 17:23:37,394 - INFO - r n b k q b n r 
2023-04-28 17:23:37,394 - INFO - ---end board---
2023-04-28 17:24:53,695 - INFO - ai white started
2023-04-28 17:24:56,911 - INFO - ---start board---
2023-04-28 17:24:56,911 - INFO - R   B K Q B N R 
2023-04-28 17:24:56,912 - INFO - P P P P P P P P 
2023-04-28 17:24:56,912 - INFO -     N           
2023-04-28 17:24:56,912 - INFO -                 
2023-04-28 17:24:56,912 - INFO -                 
2023-04-28 17:24:56,912 - INFO -           n     
2023-04-28 17:24:56,912 - INFO - p p p p p p p p 
2023-04-28 17:24:56,912 - INFO - r n b k q b   r 
2023-04-28 17:24:56,912 - INFO - ---end board---
2023-04-28 17:24:58,545 - INFO - ---start board---
2023-04-28 17:24:58,545 - INFO - R   B K Q B N R 
2023-04-28 17:24:58,545 - INFO - P P P P P P P P 
2023-04-28 17:24:58,545 - INFO -                 
2023-04-28 17:24:58,545 - INFO -                 
2023-04-28 17:24:58,546 - INFO -   N             
2023-04-28 17:24:58,546 - INFO -           n     
2023-04-28 17:24:58,546 - INFO - p p p p p p p p 
2023-04-28 17:24:58,546 - INFO - r n b k q b   r 
2023-04-28 17:24:58,546 - INFO - ---end board---
2023-04-28 17:25:03,099 - INFO - ---start board---
2023-04-28 17:25:03,099 - INFO - R   B K Q B N R 
2023-04-28 17:25:03,099 - INFO - P P P P P P P P 
2023-04-28 17:25:03,099 - INFO -                 
2023-04-28 17:25:03,099 - INFO -         n       
2023-04-28 17:25:03,099 - INFO -   N             
2023-04-28 17:25:03,100 - INFO -                 
2023-04-28 17:25:03,100 - INFO - p p p p p p p p 
2023-04-28 17:25:03,100 - INFO - r n b k q b   r 
2023-04-28 17:25:03,100 - INFO - ---end board---
2023-04-28 17:25:05,743 - INFO - ---start board---
2023-04-28 17:25:05,743 - INFO -   R B K Q B N R 
2023-04-28 17:25:05,743 - INFO - P P P P P P P P 
2023-04-28 17:25:05,743 - INFO -                 
2023-04-28 17:25:05,743 - INFO -         n       
2023-04-28 17:25:05,743 - INFO -   N             
2023-04-28 17:25:05,743 - INFO -                 
2023-04-28 17:25:05,744 - INFO - p p p p p p p p 
2023-04-28 17:25:05,744 - INFO - r n b k q b   r 
2023-04-28 17:25:05,744 - INFO - ---end board---
2023-04-28 17:34:53,766 - INFO - ai white started
2023-04-28 17:35:21,246 - INFO - ---start board---
2023-04-28 17:35:21,246 - INFO - R   B K Q B N R 
2023-04-28 17:35:21,246 - INFO - P P P P P P P P 
2023-04-28 17:35:21,246 - INFO -     N           
2023-04-28 17:35:21,247 - INFO -                 
2023-04-28 17:35:21,247 - INFO -                 
2023-04-28 17:35:21,247 - INFO -           n     
2023-04-28 17:35:21,247 - INFO - p p p p p p p p 
2023-04-28 17:35:21,247 - INFO - r n b k q b   r 
2023-04-28 17:35:21,247 - INFO - ---end board---
2023-04-28 17:35:22,865 - INFO - ---start board---
2023-04-28 17:35:22,866 - INFO - R   B K Q B N R 
2023-04-28 17:35:22,866 - INFO - P P P P P P P P 
2023-04-28 17:35:22,866 - INFO -                 
2023-04-28 17:35:22,866 - INFO -                 
2023-04-28 17:35:22,866 - INFO -   N             
2023-04-28 17:35:22,866 - INFO -           n     
2023-04-28 17:35:22,866 - INFO - p p p p p p p p 
2023-04-28 17:35:22,866 - INFO - r n b k q b   r 
2023-04-28 17:35:22,866 - INFO - ---end board---
2023-04-28 17:35:35,642 - INFO - ---start board---
2023-04-28 17:35:35,642 - INFO - R   B K Q B N R 
2023-04-28 17:35:35,642 - INFO - P P P P P P P P 
2023-04-28 17:35:35,643 - INFO -                 
2023-04-28 17:35:35,643 - INFO -         n       
2023-04-28 17:35:35,643 - INFO -   N             
2023-04-28 17:35:35,643 - INFO -                 
2023-04-28 17:35:35,643 - INFO - p p p p p p p p 
2023-04-28 17:35:35,643 - INFO - r n b k q b   r 
2023-04-28 17:35:35,643 - INFO - ---end board---
2023-04-28 17:35:38,286 - INFO - ---start board---
2023-04-28 17:35:38,286 - INFO -   R B K Q B N R 
2023-04-28 17:35:38,286 - INFO - P P P P P P P P 
2023-04-28 17:35:38,286 - INFO -                 
2023-04-28 17:35:38,286 - INFO -         n       
2023-04-28 17:35:38,286 - INFO -   N             
2023-04-28 17:35:38,286 - INFO -                 
2023-04-28 17:35:38,286 - INFO - p p p p p p p p 
2023-04-28 17:35:38,286 - INFO - r n b k q b   r 
2023-04-28 17:35:38,286 - INFO - ---end board---
2023-05-07 19:16:36,084 - INFO - human white started
2023-05-07 19:16:40,469 - INFO - ---start board---
2023-05-07 19:16:40,470 - INFO - R N B K Q B N R 
2023-05-07 19:16:40,470 - INFO - P P P P   P P P 
2023-05-07 19:16:40,470 - INFO -                 
2023-05-07 19:16:40,471 - INFO -         P       
2023-05-07 19:16:40,471 - INFO -                 
2023-05-07 19:16:40,471 - INFO -                 
2023-05-07 19:16:40,471 - INFO - p p p p p p p p 
2023-05-07 19:16:40,472 - INFO - r n b k q b n r 
2023-05-07 19:16:40,472 - INFO - ---end board---
2023-05-07 19:16:41,374 - INFO - ---start board---
2023-05-07 19:16:41,374 - INFO - R N B K Q B N R 
2023-05-07 19:16:41,374 - INFO - P P P P   P P P 
2023-05-07 19:16:41,374 - INFO -                 
2023-05-07 19:16:41,374 - INFO -         P       
2023-05-07 19:16:41,374 - INFO -                 
2023-05-07 19:16:41,374 - INFO - p               
2023-05-07 19:16:41,374 - INFO -   p p p p p p p 
2023-05-07 19:16:41,374 - INFO - r n b k q b n r 
2023-05-07 19:16:41,374 - INFO - ---end board---
2023-05-07 19:16:43,318 - INFO - ---start board---
2023-05-07 19:16:43,319 - INFO - R N B K   B N R 
2023-05-07 19:16:43,319 - INFO - P P P P   P P P 
2023-05-07 19:16:43,319 - INFO -         Q       
2023-05-07 19:16:43,319 - INFO -         P       
2023-05-07 19:16:43,320 - INFO -                 
2023-05-07 19:16:43,320 - INFO - p               
2023-05-07 19:16:43,320 - INFO -   p p p p p p p 
2023-05-07 19:16:43,320 - INFO - r n b k q b n r 
2023-05-07 19:16:43,320 - INFO - ---end board---
2023-05-07 19:16:44,492 - INFO - ---start board---
2023-05-07 19:16:44,492 - INFO - R N B K   B N R 
2023-05-07 19:16:44,492 - INFO - P P P P   P P P 
2023-05-07 19:16:44,492 - INFO -         Q       
2023-05-07 19:16:44,492 - INFO -         P       
2023-05-07 19:16:44,492 - INFO - p               
2023-05-07 19:16:44,492 - INFO -                 
2023-05-07 19:16:44,492 - INFO -   p p p p p p p 
2023-05-07 19:16:44,493 - INFO - r n b k q b n r 
2023-05-07 19:16:44,493 - INFO - ---end board---
2023-05-07 19:16:46,907 - INFO - ---start board---
2023-05-07 19:16:46,908 - INFO - R N B K   B N R 
2023-05-07 19:16:46,908 - INFO - P P P P   P P P 
2023-05-07 19:16:46,908 - INFO -                 
2023-05-07 19:16:46,908 - INFO -         P       
2023-05-07 19:16:46,909 - INFO - p           Q   
2023-05-07 19:16:46,909 - INFO -                 
2023-05-07 19:16:46,909 - INFO -   p p p p p p p 
2023-05-07 19:16:46,909 - INFO - r n b k q b n r 
2023-05-07 19:16:46,909 - INFO - ---end board---
2023-05-07 19:16:48,509 - INFO - ---start board---
2023-05-07 19:16:48,509 - INFO - R N B K   B N R 
2023-05-07 19:16:48,509 - INFO - P P P P   P P P 
2023-05-07 19:16:48,509 - INFO -                 
2023-05-07 19:16:48,509 - INFO - p       P       
2023-05-07 19:16:48,509 - INFO -             Q   
2023-05-07 19:16:48,509 - INFO -                 
2023-05-07 19:16:48,509 - INFO -   p p p p p p p 
2023-05-07 19:16:48,509 - INFO - r n b k q b n r 
2023-05-07 19:16:48,510 - INFO - ---end board---
2023-05-07 19:16:51,725 - INFO - ---start board---
2023-05-07 19:16:51,725 - INFO - R N B K   B N R 
2023-05-07 19:16:51,725 - INFO - P P P P   P P P 
2023-05-07 19:16:51,726 - INFO -                 
2023-05-07 19:16:51,726 - INFO - p       P       
2023-05-07 19:16:51,726 - INFO -                 
2023-05-07 19:16:51,726 - INFO -                 
2023-05-07 19:16:51,726 - INFO -   p p p Q p p p 
2023-05-07 19:16:51,727 - INFO - r n b k q b n r 
2023-05-07 19:16:51,727 - INFO - ---end board---
2023-05-07 19:16:52,216 - INFO - ---start board---
2023-05-07 19:16:52,216 - INFO - R N B K   B N R 
2023-05-07 19:16:52,216 - INFO - P P P P   P P P 
2023-05-07 19:16:52,216 - INFO -                 
2023-05-07 19:16:52,216 - INFO - p       P       
2023-05-07 19:16:52,216 - INFO -                 
2023-05-07 19:16:52,216 - INFO -                 
2023-05-07 19:16:52,216 - INFO -   p p p q p p p 
2023-05-07 19:16:52,216 - INFO - r n b k   b n r 
2023-05-07 19:16:52,216 - INFO - ---end board---
